2019-01-18 12:22:23,655-INFO-logger.py-yuxuan-日志信息:正在执行第1条用例成功发送短信验证码
2019-01-18 12:22:23,655-INFO-logger.py-yuxuan-日志信息:-----------开始检查url地址-------------
2019-01-18 12:22:23,656-INFO-logger.py-yuxuan-日志信息:请求url:http://120.24.235.105:9010/sms-service-war-1.0/ws/smsFacade.ws?wsdl
2019-01-18 12:22:23,657-INFO-logger.py-yuxuan-日志信息:-----------开始检查参数-------------
2019-01-18 12:22:23,657-INFO-logger.py-yuxuan-日志信息:请求参数:{'client_ip': '192.168.2.121', 'mobile': '18920152320', 'tmpl_id': '1'}
2019-01-18 12:23:23,856-INFO-logger.py-yuxuan-日志信息:请求结果:(result){
   retCode = "0"
   retInfo = "ok"
 }
2019-01-18 12:23:23,916-INFO-logger.py-yuxuan-日志信息:本条用例测试结果:pass
2019-01-18 12:23:23,963-INFO-logger.py-yuxuan-日志信息:关闭数据库连接，测试环境还原
2019-01-18 12:23:24,013-INFO-logger.py-yuxuan-日志信息:正在执行第2条用例正常注册
2019-01-18 12:23:24,013-INFO-logger.py-yuxuan-日志信息:-----------开始检查url地址-------------
2019-01-18 12:23:24,015-INFO-logger.py-yuxuan-日志信息:请求url:http://120.24.235.105:9010/finance-user_info-war-1.0/ws/financeUserInfoFacade.ws?wsdl
2019-01-18 12:23:24,016-INFO-logger.py-yuxuan-日志信息:-----------开始检查参数-------------
2019-01-18 12:23:24,016-INFO-logger.py-yuxuan-日志信息:请求参数:{'verify_code': '395246', 'channel_id': 1, 'pwd': '123456az', 'ip': '192.168.2.121', 'mobile': '18920152320', 'user_id': 'aqnb雨轩15'}
2019-01-18 12:24:24,384-INFO-logger.py-yuxuan-日志信息:请求结果:(commResult){
   retCode = "0"
   retInfo = "ok"
 }
2019-01-18 12:24:24,436-INFO-logger.py-yuxuan-日志信息:本条用例测试结果:pass
2019-01-18 12:24:24,502-INFO-logger.py-yuxuan-日志信息:关闭数据库连接，测试环境还原
2019-01-18 12:24:24,552-INFO-logger.py-yuxuan-日志信息:正在执行第3条用例正常实名认证
2019-01-18 12:24:24,552-INFO-logger.py-yuxuan-日志信息:-----------开始检查url地址-------------
2019-01-18 12:24:24,553-INFO-logger.py-yuxuan-日志信息:请求url:http://120.24.235.105:9010/finance-user_info-war-1.0/ws/financeUserInfoFacade.ws?wsdl
2019-01-18 12:24:24,554-INFO-logger.py-yuxuan-日志信息:-----------开始检查参数-------------
2019-01-18 12:24:24,554-INFO-logger.py-yuxuan-日志信息:请求参数:{'uid': 100005039, 'cre_id': '411523199603119693', 'true_name': '轩轩'}
2019-01-18 12:25:24,723-INFO-logger.py-yuxuan-日志信息:请求结果:(commResult){
   retCode = "0"
   retInfo = "ok"
 }
2019-01-18 12:25:24,783-INFO-logger.py-yuxuan-日志信息:本条用例测试结果:pass
2019-01-18 12:25:24,840-INFO-logger.py-yuxuan-日志信息:实名认证成功后,查询影响实名认证表行数等于1
2019-01-18 12:25:24,840-INFO-logger.py-yuxuan-日志信息:关闭数据库连接，测试环境还原
2019-01-18 12:25:24,902-INFO-logger.py-yuxuan-日志信息:正在执行第4条用例未注册用户进行实名认证
2019-01-18 12:25:24,902-INFO-logger.py-yuxuan-日志信息:-----------开始检查url地址-------------
2019-01-18 12:25:24,904-INFO-logger.py-yuxuan-日志信息:请求url:http://120.24.235.105:9010/finance-user_info-war-1.0/ws/financeUserInfoFacade.ws?wsdl
2019-01-18 12:25:24,904-INFO-logger.py-yuxuan-日志信息:-----------开始检查参数-------------
2019-01-18 12:25:24,904-INFO-logger.py-yuxuan-日志信息:请求参数:{'uid': 100001005, 'cre_id': '320611196407015903', 'true_name': '轩轩'}
2019-01-18 12:26:24,980-INFO-logger.py-yuxuan-日志信息:请求结果:(commResult){
   retCode = "20042002"
   retInfo = "用户不存在"
 }
2019-01-18 12:26:25,031-INFO-logger.py-yuxuan-日志信息:本条用例测试结果:pass
2019-01-18 12:26:25,031-INFO-logger.py-yuxuan-日志信息:关闭数据库连接，测试环境还原
2019-01-18 12:26:25,093-INFO-logger.py-yuxuan-日志信息:正在执行第5条用例真实姓名为空，其余参数正确
2019-01-18 12:26:25,093-INFO-logger.py-yuxuan-日志信息:-----------开始检查url地址-------------
2019-01-18 12:26:25,095-INFO-logger.py-yuxuan-日志信息:请求url:http://120.24.235.105:9010/finance-user_info-war-1.0/ws/financeUserInfoFacade.ws?wsdl
2019-01-18 12:26:25,095-INFO-logger.py-yuxuan-日志信息:-----------开始检查参数-------------
2019-01-18 12:26:25,095-INFO-logger.py-yuxuan-日志信息:请求参数:{'uid': 100005039, 'cre_id': '500233198804032992', 'true_name': ''}
2019-01-18 12:26:56,734-INFO-logger.py-yuxuan-日志信息:正在执行第1条用例成功发送短信验证码
2019-01-18 12:26:56,735-INFO-logger.py-yuxuan-日志信息:-----------开始检查url地址-------------
2019-01-18 12:26:56,737-INFO-logger.py-yuxuan-日志信息:请求url:http://120.24.235.105:9010/sms-service-war-1.0/ws/smsFacade.ws?wsdl
2019-01-18 12:26:56,737-INFO-logger.py-yuxuan-日志信息:-----------开始检查请求参数-------------
2019-01-18 12:26:56,738-INFO-logger.py-yuxuan-日志信息:请求参数:{'tmpl_id': '1', 'mobile': '17728121320', 'client_ip': '192.168.2.121'}
2019-01-18 12:27:56,986-INFO-logger.py-yuxuan-日志信息:请求接口结果:(result){
   retCode = "0"
   retInfo = "ok"
 }
2019-01-18 12:27:57,051-INFO-logger.py-yuxuan-日志信息:发送验证码成功，查询数据库，添加一条数据与请求参数相同
2019-01-18 12:27:57,051-INFO-logger.py-yuxuan-日志信息:本条用例测试结果:pass
2019-01-18 12:27:57,052-INFO-logger.py-yuxuan-日志信息:关闭数据库连接，测试环境还原
2019-01-18 12:27:57,104-INFO-logger.py-yuxuan-日志信息:正在执行第2条用例ip地址为空，其余正确输入
2019-01-18 12:27:57,104-INFO-logger.py-yuxuan-日志信息:-----------开始检查url地址-------------
2019-01-18 12:27:57,105-INFO-logger.py-yuxuan-日志信息:请求url:http://120.24.235.105:9010/sms-service-war-1.0/ws/smsFacade.ws?wsdl
2019-01-18 12:27:57,105-INFO-logger.py-yuxuan-日志信息:-----------开始检查请求参数-------------
2019-01-18 12:27:57,105-INFO-logger.py-yuxuan-日志信息:请求参数:{'tmpl_id': '1', 'mobile': '17758228320', 'client_ip': ''}
2019-01-18 12:27:57,209-INFO-logger.py-yuxuan-日志信息:发送验证码成功，数据库查询无数据
2019-01-18 12:27:57,210-INFO-logger.py-yuxuan-日志信息:本条用例测试结果:pass
2019-01-18 12:27:57,210-INFO-logger.py-yuxuan-日志信息:关闭数据库连接，测试环境还原
2019-01-18 12:27:57,261-INFO-logger.py-yuxuan-日志信息:正在执行第3条用例短信模板为空，其余正确输入
2019-01-18 12:27:57,261-INFO-logger.py-yuxuan-日志信息:-----------开始检查url地址-------------
2019-01-18 12:27:57,262-INFO-logger.py-yuxuan-日志信息:请求url:http://120.24.235.105:9010/sms-service-war-1.0/ws/smsFacade.ws?wsdl
2019-01-18 12:27:57,263-INFO-logger.py-yuxuan-日志信息:-----------开始检查请求参数-------------
2019-01-18 12:27:57,263-INFO-logger.py-yuxuan-日志信息:请求参数:{'tmpl_id': '', 'mobile': '15318529320', 'client_ip': '192.168.2.121'}
2019-01-18 12:27:57,358-INFO-logger.py-yuxuan-日志信息:发送验证码成功，数据库查询无数据
2019-01-18 12:27:57,358-INFO-logger.py-yuxuan-日志信息:本条用例测试结果:pass
2019-01-18 12:27:57,358-INFO-logger.py-yuxuan-日志信息:关闭数据库连接，测试环境还原
2019-01-18 12:27:57,410-INFO-logger.py-yuxuan-日志信息:正在执行第4条用例手机号为空，其余正确输入
2019-01-18 12:27:57,410-INFO-logger.py-yuxuan-日志信息:-----------开始检查url地址-------------
2019-01-18 12:27:57,411-INFO-logger.py-yuxuan-日志信息:请求url:http://120.24.235.105:9010/sms-service-war-1.0/ws/smsFacade.ws?wsdl
2019-01-18 12:27:57,411-INFO-logger.py-yuxuan-日志信息:-----------开始检查请求参数-------------
2019-01-18 12:27:57,411-INFO-logger.py-yuxuan-日志信息:请求参数:{'tmpl_id': '1', 'mobile': '', 'client_ip': '192.168.2.121'}
2019-01-18 12:27:57,490-INFO-logger.py-yuxuan-日志信息:发送验证码成功，数据库查询无数据
2019-01-18 12:27:57,491-INFO-logger.py-yuxuan-日志信息:本条用例测试结果:pass
2019-01-18 12:27:57,491-INFO-logger.py-yuxuan-日志信息:关闭数据库连接，测试环境还原
2019-01-18 12:27:57,547-INFO-logger.py-yuxuan-日志信息:正在执行第5条用例11位非手机号纯数字
2019-01-18 12:27:57,548-INFO-logger.py-yuxuan-日志信息:-----------开始检查url地址-------------
2019-01-18 12:27:57,549-INFO-logger.py-yuxuan-日志信息:请求url:http://120.24.235.105:9010/sms-service-war-1.0/ws/smsFacade.ws?wsdl
2019-01-18 12:27:57,549-INFO-logger.py-yuxuan-日志信息:-----------开始检查请求参数-------------
2019-01-18 12:27:57,549-INFO-logger.py-yuxuan-日志信息:请求参数:{'tmpl_id': '1', 'mobile': '12378900011', 'client_ip': '192.168.2.121'}
2019-01-18 12:27:57,647-INFO-logger.py-yuxuan-日志信息:发送验证码成功，数据库查询无数据
2019-01-18 12:27:57,647-INFO-logger.py-yuxuan-日志信息:本条用例测试结果:pass
2019-01-18 12:27:57,648-INFO-logger.py-yuxuan-日志信息:关闭数据库连接，测试环境还原
2019-01-18 12:27:57,693-INFO-logger.py-yuxuan-日志信息:正在执行第6条用例11手机号数字+字母
2019-01-18 12:27:57,693-INFO-logger.py-yuxuan-日志信息:-----------开始检查url地址-------------
2019-01-18 12:27:57,694-INFO-logger.py-yuxuan-日志信息:请求url:http://120.24.235.105:9010/sms-service-war-1.0/ws/smsFacade.ws?wsdl
2019-01-18 12:27:57,694-INFO-logger.py-yuxuan-日志信息:-----------开始检查请求参数-------------
2019-01-18 12:27:57,694-INFO-logger.py-yuxuan-日志信息:请求参数:{'tmpl_id': '1', 'mobile': '1348980fc50', 'client_ip': '192.168.2.121'}
2019-01-18 12:27:57,822-INFO-logger.py-yuxuan-日志信息:发送验证码成功，数据库查询无数据
2019-01-18 12:27:57,822-INFO-logger.py-yuxuan-日志信息:本条用例测试结果:pass
2019-01-18 12:27:57,822-INFO-logger.py-yuxuan-日志信息:关闭数据库连接，测试环境还原
2019-01-18 12:27:57,870-INFO-logger.py-yuxuan-日志信息:正在执行第7条用例12位手机号
2019-01-18 12:27:57,871-INFO-logger.py-yuxuan-日志信息:-----------开始检查url地址-------------
2019-01-18 12:27:57,872-INFO-logger.py-yuxuan-日志信息:请求url:http://120.24.235.105:9010/sms-service-war-1.0/ws/smsFacade.ws?wsdl
2019-01-18 12:27:57,872-INFO-logger.py-yuxuan-日志信息:-----------开始检查请求参数-------------
2019-01-18 12:27:57,872-INFO-logger.py-yuxuan-日志信息:请求参数:{'tmpl_id': '1', 'mobile': '135550578711', 'client_ip': '192.168.2.121'}
2019-01-18 12:27:57,952-INFO-logger.py-yuxuan-日志信息:发送验证码成功，数据库查询无数据
2019-01-18 12:27:57,952-INFO-logger.py-yuxuan-日志信息:本条用例测试结果:pass
2019-01-18 12:27:57,952-INFO-logger.py-yuxuan-日志信息:关闭数据库连接，测试环境还原
2019-01-18 12:27:58,009-INFO-logger.py-yuxuan-日志信息:正在执行第8条用例10位手机号
2019-01-18 12:27:58,009-INFO-logger.py-yuxuan-日志信息:-----------开始检查url地址-------------
2019-01-18 12:27:58,010-INFO-logger.py-yuxuan-日志信息:请求url:http://120.24.235.105:9010/sms-service-war-1.0/ws/smsFacade.ws?wsdl
2019-01-18 12:27:58,010-INFO-logger.py-yuxuan-日志信息:-----------开始检查请求参数-------------
2019-01-18 12:27:58,010-INFO-logger.py-yuxuan-日志信息:请求参数:{'tmpl_id': '1', 'mobile': '1355505787', 'client_ip': '192.168.2.121'}
2019-01-18 12:27:58,104-INFO-logger.py-yuxuan-日志信息:发送验证码成功，数据库查询无数据
2019-01-18 12:27:58,105-INFO-logger.py-yuxuan-日志信息:本条用例测试结果:pass
2019-01-18 12:27:58,105-INFO-logger.py-yuxuan-日志信息:关闭数据库连接，测试环境还原
2019-01-18 12:27:58,144-INFO-logger.py-yuxuan-日志信息:正在执行第9条用例缺省部分请求参数
2019-01-18 12:27:58,144-INFO-logger.py-yuxuan-日志信息:-----------开始检查url地址-------------
2019-01-18 12:27:58,145-INFO-logger.py-yuxuan-日志信息:请求url:http://120.24.235.105:9010/sms-service-war-1.0/ws/smsFacade.ws?wsdl
2019-01-18 12:27:58,145-INFO-logger.py-yuxuan-日志信息:-----------开始检查请求参数-------------
2019-01-18 12:27:58,145-INFO-logger.py-yuxuan-日志信息:请求参数:{'tmpl_id': '1', 'client_ip': '192.168.2.121'}
2019-01-18 12:27:58,246-INFO-logger.py-yuxuan-日志信息:发送验证码成功，数据库查询无数据
2019-01-18 12:27:58,246-INFO-logger.py-yuxuan-日志信息:本条用例测试结果:pass
2019-01-18 12:27:58,247-INFO-logger.py-yuxuan-日志信息:关闭数据库连接，测试环境还原
2019-01-18 12:27:58,298-INFO-logger.py-yuxuan-日志信息:正在执行第10条用例短信模板非1，其他正确输入
2019-01-18 12:27:58,299-INFO-logger.py-yuxuan-日志信息:-----------开始检查url地址-------------
2019-01-18 12:27:58,300-INFO-logger.py-yuxuan-日志信息:请求url:http://120.24.235.105:9010/sms-service-war-1.0/ws/smsFacade.ws?wsdl
2019-01-18 12:27:58,300-INFO-logger.py-yuxuan-日志信息:-----------开始检查请求参数-------------
2019-01-18 12:27:58,300-INFO-logger.py-yuxuan-日志信息:请求参数:{'tmpl_id': 2, 'mobile': '15899024320', 'client_ip': '192.168.2.121'}
2019-01-18 12:27:58,406-INFO-logger.py-yuxuan-日志信息:发送验证码成功，数据库查询无数据
2019-01-18 12:27:58,406-INFO-logger.py-yuxuan-日志信息:本条用例测试结果:pass
2019-01-18 12:27:58,406-INFO-logger.py-yuxuan-日志信息:关闭数据库连接，测试环境还原
2019-01-18 12:27:58,444-INFO-logger.py-yuxuan-日志信息:正在执行第11条用例ip地址非正确ip格式
2019-01-18 12:27:58,444-INFO-logger.py-yuxuan-日志信息:-----------开始检查url地址-------------
2019-01-18 12:27:58,445-INFO-logger.py-yuxuan-日志信息:请求url:http://120.24.235.105:9010/sms-service-war-1.0/ws/smsFacade.ws?wsdl
2019-01-18 12:27:58,445-INFO-logger.py-yuxuan-日志信息:-----------开始检查请求参数-------------
2019-01-18 12:27:58,446-INFO-logger.py-yuxuan-日志信息:请求参数:{'tmpl_id': '1', 'mobile': '13929548320', 'client_ip': '192168245'}
2019-01-18 12:29:47,523-INFO-logger.py-yuxuan-日志信息:正在执行第1条用例:成功发送短信验证码
2019-01-18 12:29:47,524-INFO-logger.py-yuxuan-日志信息:-----------开始检查url地址-------------
2019-01-18 12:29:47,525-INFO-logger.py-yuxuan-日志信息:请求url:http://120.24.235.105:9010/sms-service-war-1.0/ws/smsFacade.ws?wsdl
2019-01-18 12:29:47,526-INFO-logger.py-yuxuan-日志信息:-----------开始检查参数-------------
2019-01-18 12:29:47,526-INFO-logger.py-yuxuan-日志信息:注册请求参数:{'tmpl_id': '1', 'mobile': '18079816320', 'client_ip': '192.168.2.121'}
2019-01-18 12:30:47,707-INFO-logger.py-yuxuan-日志信息:关闭数据库连接，测试环境还原
2019-01-18 12:30:47,782-INFO-logger.py-yuxuan-日志信息:正在执行第2条用例:错误验证码注册
2019-01-18 12:30:47,782-INFO-logger.py-yuxuan-日志信息:-----------开始检查url地址-------------
2019-01-18 12:30:47,784-INFO-logger.py-yuxuan-日志信息:请求url:http://120.24.235.105:9010/finance-user_info-war-1.0/ws/financeUserInfoFacade.ws?wsdl
2019-01-18 12:30:47,784-INFO-logger.py-yuxuan-日志信息:-----------开始检查参数-------------
2019-01-18 12:30:47,784-INFO-logger.py-yuxuan-日志信息:注册请求参数:{'mobile': '18079816320', 'channel_id': 1, 'ip': '192.168.2.121', 'verify_code': '402650', 'user_id': 'xffz雨轩28', 'pwd': '123456az'}
2019-01-18 12:31:48,040-INFO-logger.py-yuxuan-日志信息:关闭数据库连接，测试环境还原
2019-01-18 12:31:48,108-INFO-logger.py-yuxuan-日志信息:正在执行第3条用例:正常注册
2019-01-18 12:31:48,109-INFO-logger.py-yuxuan-日志信息:-----------开始检查url地址-------------
2019-01-18 12:31:48,110-INFO-logger.py-yuxuan-日志信息:请求url:http://120.24.235.105:9010/finance-user_info-war-1.0/ws/financeUserInfoFacade.ws?wsdl
2019-01-18 12:31:48,110-INFO-logger.py-yuxuan-日志信息:关闭数据库连接，测试环境还原
2019-01-18 12:31:48,158-INFO-logger.py-yuxuan-日志信息:正在执行第4条用例:发送验证码手机号与注册手机号非相同
2019-01-18 12:31:48,158-INFO-logger.py-yuxuan-日志信息:-----------开始检查url地址-------------
2019-01-18 12:31:48,160-INFO-logger.py-yuxuan-日志信息:请求url:http://120.24.235.105:9010/finance-user_info-war-1.0/ws/financeUserInfoFacade.ws?wsdl
2019-01-18 12:31:48,161-INFO-logger.py-yuxuan-日志信息:关闭数据库连接，测试环境还原
2019-01-18 12:31:48,224-INFO-logger.py-yuxuan-日志信息:正在执行第5条用例:验证码为空，其他参数正确
2019-01-18 12:31:48,224-INFO-logger.py-yuxuan-日志信息:-----------开始检查url地址-------------
2019-01-18 12:31:48,226-INFO-logger.py-yuxuan-日志信息:请求url:http://120.24.235.105:9010/finance-user_info-war-1.0/ws/financeUserInfoFacade.ws?wsdl
2019-01-18 12:31:48,226-INFO-logger.py-yuxuan-日志信息:-----------开始检查参数-------------
2019-01-18 12:31:48,226-INFO-logger.py-yuxuan-日志信息:注册请求参数:{'mobile': '18079816320', 'channel_id': 1, 'ip': '192.168.2.121', 'verify_code': '', 'user_id': 'phdp雨轩71', 'pwd': '123456az'}
2019-01-18 12:32:59,285-INFO-logger.py-yuxuan-日志信息:正在执行第1条用例:成功发送短信验证码
2019-01-18 12:32:59,285-INFO-logger.py-yuxuan-日志信息:-----------开始检查url地址-------------
2019-01-18 12:32:59,286-INFO-logger.py-yuxuan-日志信息:请求url:http://120.24.235.105:9010/sms-service-war-1.0/ws/smsFacade.ws?wsdl
2019-01-18 12:32:59,286-INFO-logger.py-yuxuan-日志信息:-----------开始检查参数-------------
2019-01-18 12:32:59,286-INFO-logger.py-yuxuan-日志信息:注册请求参数:{'mobile': '15752070320', 'client_ip': '192.168.2.121', 'tmpl_id': '1'}
2019-01-18 12:33:59,468-INFO-logger.py-yuxuan-日志信息:注册接口请求结果:(result){
   retCode = "0"
   retInfo = "ok"
 }
2019-01-18 12:33:59,533-INFO-logger.py-yuxuan-日志信息:本条用例测试结果:pass
2019-01-18 12:33:59,597-INFO-logger.py-yuxuan-日志信息:关闭数据库连接，测试环境还原
2019-01-18 12:33:59,674-INFO-logger.py-yuxuan-日志信息:正在执行第2条用例:错误验证码注册
2019-01-18 12:33:59,675-INFO-logger.py-yuxuan-日志信息:-----------开始检查url地址-------------
2019-01-18 12:33:59,679-INFO-logger.py-yuxuan-日志信息:请求url:http://120.24.235.105:9010/finance-user_info-war-1.0/ws/financeUserInfoFacade.ws?wsdl
2019-01-18 12:33:59,680-INFO-logger.py-yuxuan-日志信息:-----------开始检查参数-------------
2019-01-18 12:33:59,680-INFO-logger.py-yuxuan-日志信息:注册请求参数:{'pwd': '123456az', 'user_id': 'rixi雨轩14', 'mobile': '15752070320', 'ip': '192.168.2.121', 'verify_code': '402650', 'channel_id': 1}
2019-01-18 12:34:59,933-INFO-logger.py-yuxuan-日志信息:注册接口请求结果:(commResult){
   retCode = "30010008"
   retInfo = "验证码错误"
 }
2019-01-18 12:34:59,982-INFO-logger.py-yuxuan-日志信息:本条用例测试结果:pass
2019-01-18 12:34:59,982-INFO-logger.py-yuxuan-日志信息:关闭数据库连接，测试环境还原
2019-01-18 12:35:00,044-INFO-logger.py-yuxuan-日志信息:正在执行第3条用例:正常注册
2019-01-18 12:35:00,044-INFO-logger.py-yuxuan-日志信息:-----------开始检查url地址-------------
2019-01-18 12:35:00,045-INFO-logger.py-yuxuan-日志信息:请求url:http://120.24.235.105:9010/finance-user_info-war-1.0/ws/financeUserInfoFacade.ws?wsdl
2019-01-18 12:35:00,045-INFO-logger.py-yuxuan-日志信息:-----------开始检查参数-------------
2019-01-18 12:35:00,045-INFO-logger.py-yuxuan-日志信息:注册请求参数:{'pwd': '123456az', 'user_id': 'qhfl雨轩10', 'mobile': '15752070320', 'ip': '192.168.2.121', 'verify_code': '211261', 'channel_id': 1}
2019-01-18 12:35:28,396-INFO-logger.py-yuxuan-日志信息:正在执行第1条用例:成功发送短信验证码
2019-01-18 12:35:28,396-INFO-logger.py-yuxuan-日志信息:-----------开始检查url地址-------------
2019-01-18 12:35:28,397-INFO-logger.py-yuxuan-日志信息:请求url:http://120.24.235.105:9010/sms-service-war-1.0/ws/smsFacade.ws?wsdl
2019-01-18 12:35:28,397-INFO-logger.py-yuxuan-日志信息:-----------开始检查参数-------------
2019-01-18 12:35:28,397-INFO-logger.py-yuxuan-日志信息:请求参数:{'tmpl_id': '1', 'mobile': '18711944320', 'client_ip': '192.168.2.121'}
2019-01-18 12:36:39,703-INFO-logger.py-yuxuan-日志信息:正在执行第1条用例:成功发送短信验证码
2019-01-18 12:36:39,703-INFO-logger.py-yuxuan-日志信息:-----------开始检查url地址-------------
2019-01-18 12:36:39,705-INFO-logger.py-yuxuan-日志信息:请求url:http://120.24.235.105:9010/sms-service-war-1.0/ws/smsFacade.ws?wsdl
2019-01-18 12:36:39,706-INFO-logger.py-yuxuan-日志信息:-----------开始检查参数-------------
2019-01-18 12:36:39,706-INFO-logger.py-yuxuan-日志信息:请求参数:{'tmpl_id': '1', 'client_ip': '192.168.2.121', 'mobile': '13147368320'}
2019-01-18 12:37:39,896-INFO-logger.py-yuxuan-日志信息:请求结果:(result){
   retCode = "0"
   retInfo = "ok"
 }
2019-01-18 12:37:39,960-INFO-logger.py-yuxuan-日志信息:本条用例测试结果:pass
2019-01-18 12:37:40,001-INFO-logger.py-yuxuan-日志信息:关闭数据库连接，测试环境还原
2019-01-18 12:37:40,059-INFO-logger.py-yuxuan-日志信息:正在执行第2条用例:正常注册
2019-01-18 12:37:40,060-INFO-logger.py-yuxuan-日志信息:-----------开始检查url地址-------------
2019-01-18 12:37:40,061-INFO-logger.py-yuxuan-日志信息:请求url:http://120.24.235.105:9010/finance-user_info-war-1.0/ws/financeUserInfoFacade.ws?wsdl
2019-01-18 12:37:40,061-INFO-logger.py-yuxuan-日志信息:-----------开始检查参数-------------
2019-01-18 12:37:40,061-INFO-logger.py-yuxuan-日志信息:请求参数:{'user_id': 'kvoh雨轩50', 'pwd': '123456az', 'verify_code': '536140', 'ip': '192.168.2.121', 'mobile': '13147368320', 'channel_id': 1}
2019-01-18 12:38:40,470-INFO-logger.py-yuxuan-日志信息:请求结果:(commResult){
   retCode = "0"
   retInfo = "ok"
 }
2019-01-18 12:38:40,517-INFO-logger.py-yuxuan-日志信息:本条用例测试结果:pass
2019-01-18 12:38:40,558-INFO-logger.py-yuxuan-日志信息:关闭数据库连接，测试环境还原
2019-01-18 12:38:40,623-INFO-logger.py-yuxuan-日志信息:正在执行第3条用例:正常实名认证
2019-01-18 12:38:40,623-INFO-logger.py-yuxuan-日志信息:-----------开始检查url地址-------------
2019-01-18 12:38:40,625-INFO-logger.py-yuxuan-日志信息:请求url:http://120.24.235.105:9010/finance-user_info-war-1.0/ws/financeUserInfoFacade.ws?wsdl
2019-01-18 12:38:40,625-INFO-logger.py-yuxuan-日志信息:-----------开始检查参数-------------
2019-01-18 12:38:40,626-INFO-logger.py-yuxuan-日志信息:请求参数:{'true_name': '轩轩', 'cre_id': '320611198012021435', 'uid': 100005040}
2019-01-18 12:39:40,784-INFO-logger.py-yuxuan-日志信息:请求结果:(commResult){
   retCode = "0"
   retInfo = "ok"
 }
2019-01-18 12:39:40,842-INFO-logger.py-yuxuan-日志信息:本条用例测试结果:pass
2019-01-18 12:39:40,916-INFO-logger.py-yuxuan-日志信息:实名认证成功后,查询影响实名认证表行数等于1
2019-01-18 12:39:40,917-INFO-logger.py-yuxuan-日志信息:关闭数据库连接，测试环境还原
2019-01-18 12:39:40,983-INFO-logger.py-yuxuan-日志信息:正在执行第4条用例:未注册用户进行实名认证
2019-01-18 12:39:40,983-INFO-logger.py-yuxuan-日志信息:-----------开始检查url地址-------------
2019-01-18 12:39:40,984-INFO-logger.py-yuxuan-日志信息:请求url:http://120.24.235.105:9010/finance-user_info-war-1.0/ws/financeUserInfoFacade.ws?wsdl
2019-01-18 12:39:40,985-INFO-logger.py-yuxuan-日志信息:-----------开始检查参数-------------
2019-01-18 12:39:40,985-INFO-logger.py-yuxuan-日志信息:请求参数:{'true_name': '轩轩', 'cre_id': '500233195605258178', 'uid': 100001005}
2019-01-18 12:40:41,053-INFO-logger.py-yuxuan-日志信息:请求结果:(commResult){
   retCode = "20042002"
   retInfo = "用户不存在"
 }
2019-01-18 12:40:41,107-INFO-logger.py-yuxuan-日志信息:本条用例测试结果:pass
2019-01-18 12:40:41,107-INFO-logger.py-yuxuan-日志信息:关闭数据库连接，测试环境还原
2019-01-18 12:40:41,155-INFO-logger.py-yuxuan-日志信息:正在执行第5条用例:真实姓名为空，其余参数正确
2019-01-18 12:40:41,155-INFO-logger.py-yuxuan-日志信息:-----------开始检查url地址-------------
2019-01-18 12:40:41,156-INFO-logger.py-yuxuan-日志信息:请求url:http://120.24.235.105:9010/finance-user_info-war-1.0/ws/financeUserInfoFacade.ws?wsdl
2019-01-18 12:40:41,156-INFO-logger.py-yuxuan-日志信息:-----------开始检查参数-------------
2019-01-18 12:40:41,156-INFO-logger.py-yuxuan-日志信息:请求参数:{'true_name': '', 'cre_id': '320611198701184547', 'uid': 100005040}
2019-01-18 12:41:41,228-INFO-logger.py-yuxuan-日志信息:请求结果:(commResult){
   retCode = "19001"
   retInfo = "真实姓名错误"
 }
2019-01-18 12:41:41,270-INFO-logger.py-yuxuan-日志信息:本条用例测试结果:pass
2019-01-18 12:41:41,271-INFO-logger.py-yuxuan-日志信息:关闭数据库连接，测试环境还原
2019-01-18 12:41:41,333-INFO-logger.py-yuxuan-日志信息:正在执行第6条用例:身份证号为空，其余参数正确
2019-01-18 12:41:41,333-INFO-logger.py-yuxuan-日志信息:-----------开始检查url地址-------------
2019-01-18 12:41:41,335-INFO-logger.py-yuxuan-日志信息:请求url:http://120.24.235.105:9010/finance-user_info-war-1.0/ws/financeUserInfoFacade.ws?wsdl
2019-01-18 12:41:41,336-INFO-logger.py-yuxuan-日志信息:-----------开始检查参数-------------
2019-01-18 12:41:41,336-INFO-logger.py-yuxuan-日志信息:请求参数:{'true_name': '轩轩', 'cre_id': '', 'uid': 100005040}
2019-01-18 12:42:41,398-INFO-logger.py-yuxuan-日志信息:请求结果:(commResult){
   retCode = "19001"
   retInfo = "身份证号错误"
 }
2019-01-18 12:42:41,452-INFO-logger.py-yuxuan-日志信息:本条用例测试结果:pass
2019-01-18 12:42:41,453-INFO-logger.py-yuxuan-日志信息:关闭数据库连接，测试环境还原
2019-01-18 12:42:41,494-INFO-logger.py-yuxuan-日志信息:正在执行第7条用例:真实姓名为数字
2019-01-18 12:42:41,494-INFO-logger.py-yuxuan-日志信息:-----------开始检查url地址-------------
2019-01-18 12:42:41,495-INFO-logger.py-yuxuan-日志信息:请求url:http://120.24.235.105:9010/finance-user_info-war-1.0/ws/financeUserInfoFacade.ws?wsdl
2019-01-18 12:42:41,496-INFO-logger.py-yuxuan-日志信息:-----------开始检查参数-------------
2019-01-18 12:42:41,496-INFO-logger.py-yuxuan-日志信息:请求参数:{'true_name': 24525, 'cre_id': '420106195303238986', 'uid': 100005040}
2019-01-18 12:43:41,559-INFO-logger.py-yuxuan-日志信息:请求结果:(commResult){
   retCode = "19001"
   retInfo = "真实姓名必须为中文"
 }
2019-01-18 12:43:41,600-INFO-logger.py-yuxuan-日志信息:本条用例测试结果:pass
2019-01-18 12:43:41,601-INFO-logger.py-yuxuan-日志信息:关闭数据库连接，测试环境还原
2019-01-18 12:43:41,663-INFO-logger.py-yuxuan-日志信息:正在执行第8条用例:身份证号码为17位
2019-01-18 12:43:41,663-INFO-logger.py-yuxuan-日志信息:-----------开始检查url地址-------------
2019-01-18 12:43:41,665-INFO-logger.py-yuxuan-日志信息:请求url:http://120.24.235.105:9010/finance-user_info-war-1.0/ws/financeUserInfoFacade.ws?wsdl
2019-01-18 12:43:41,665-INFO-logger.py-yuxuan-日志信息:-----------开始检查参数-------------
2019-01-18 12:43:41,665-INFO-logger.py-yuxuan-日志信息:请求参数:{'true_name': '轩轩', 'cre_id': '22040319870210013', 'uid': 100005040}
2019-01-18 12:44:41,732-INFO-logger.py-yuxuan-日志信息:请求结果:(commResult){
   retCode = "100010000"
   retInfo = "不是18位的身份证号码"
 }
2019-01-18 12:44:41,792-INFO-logger.py-yuxuan-日志信息:本条用例测试结果:pass
2019-01-18 12:44:41,792-INFO-logger.py-yuxuan-日志信息:关闭数据库连接，测试环境还原
2019-01-18 12:44:41,848-INFO-logger.py-yuxuan-日志信息:正在执行第9条用例:18位非正确格式身份证号码
2019-01-18 12:44:41,849-INFO-logger.py-yuxuan-日志信息:-----------开始检查url地址-------------
2019-01-18 12:44:41,850-INFO-logger.py-yuxuan-日志信息:请求url:http://120.24.235.105:9010/finance-user_info-war-1.0/ws/financeUserInfoFacade.ws?wsdl
2019-01-18 12:44:41,850-INFO-logger.py-yuxuan-日志信息:-----------开始检查参数-------------
2019-01-18 12:44:41,851-INFO-logger.py-yuxuan-日志信息:请求参数:{'true_name': '轩轩', 'cre_id': '500131195652355891', 'uid': 100005040}
2019-01-18 12:45:41,911-INFO-logger.py-yuxuan-日志信息:请求结果:(commResult){
   retCode = "19001"
   retInfo = "身份证号检验错误"
 }
2019-01-18 12:45:41,960-INFO-logger.py-yuxuan-日志信息:本条用例测试结果:pass
2019-01-18 12:45:41,960-INFO-logger.py-yuxuan-日志信息:关闭数据库连接，测试环境还原
2019-01-18 12:45:42,020-INFO-logger.py-yuxuan-日志信息:正在执行第10条用例:身份证号码数字+字母
2019-01-18 12:45:42,020-INFO-logger.py-yuxuan-日志信息:-----------开始检查url地址-------------
2019-01-18 12:45:42,022-INFO-logger.py-yuxuan-日志信息:请求url:http://120.24.235.105:9010/finance-user_info-war-1.0/ws/financeUserInfoFacade.ws?wsdl
2019-01-18 12:45:42,022-INFO-logger.py-yuxuan-日志信息:-----------开始检查参数-------------
2019-01-18 12:45:42,022-INFO-logger.py-yuxuan-日志信息:请求参数:{'true_name': '轩轩', 'cre_id': '5001311956jd3558nh', 'uid': 100005040}
2019-01-18 12:46:42,083-INFO-logger.py-yuxuan-日志信息:请求结果:(commResult){
   retCode = "19001"
   retInfo = "身份证号检验错误"
 }
2019-01-18 12:46:42,133-INFO-logger.py-yuxuan-日志信息:本条用例测试结果:pass
2019-01-18 12:46:42,133-INFO-logger.py-yuxuan-日志信息:关闭数据库连接，测试环境还原
2019-01-18 12:46:42,180-INFO-logger.py-yuxuan-日志信息:正在执行第1条用例:成功发送短信验证码
2019-01-18 12:46:42,180-INFO-logger.py-yuxuan-日志信息:-----------开始检查url地址-------------
2019-01-18 12:46:42,182-INFO-logger.py-yuxuan-日志信息:请求url:http://120.24.235.105:9010/sms-service-war-1.0/ws/smsFacade.ws?wsdl
2019-01-18 12:46:42,182-INFO-logger.py-yuxuan-日志信息:-----------开始检查参数-------------
2019-01-18 12:46:42,183-INFO-logger.py-yuxuan-日志信息:注册请求参数:{'tmpl_id': '1', 'client_ip': '192.168.2.121', 'mobile': '13147368320'}
2019-01-18 12:47:42,312-INFO-logger.py-yuxuan-日志信息:注册接口请求结果:(result){
   retCode = "0"
   retInfo = "ok"
 }
2019-01-18 12:47:42,352-INFO-logger.py-yuxuan-日志信息:本条用例测试结果:pass
2019-01-18 12:47:42,417-INFO-logger.py-yuxuan-日志信息:关闭数据库连接，测试环境还原
2019-01-18 12:47:42,476-INFO-logger.py-yuxuan-日志信息:正在执行第2条用例:错误验证码注册
2019-01-18 12:47:42,476-INFO-logger.py-yuxuan-日志信息:-----------开始检查url地址-------------
2019-01-18 12:47:42,477-INFO-logger.py-yuxuan-日志信息:请求url:http://120.24.235.105:9010/finance-user_info-war-1.0/ws/financeUserInfoFacade.ws?wsdl
2019-01-18 12:47:42,478-INFO-logger.py-yuxuan-日志信息:-----------开始检查参数-------------
2019-01-18 12:47:42,478-INFO-logger.py-yuxuan-日志信息:注册请求参数:{'user_id': 'uqkt雨轩68', 'pwd': '123456az', 'verify_code': '402650', 'ip': '192.168.2.121', 'mobile': '13147368320', 'channel_id': 1}
2019-01-18 12:48:42,648-INFO-logger.py-yuxuan-日志信息:注册接口请求结果:(commResult){
   retCode = "20042023"
   retInfo = "该手机号已被注册"
 }
2019-01-18 12:48:42,690-INFO-logger.py-yuxuan-日志信息:关闭数据库连接，测试环境还原
2019-01-18 12:48:42,751-INFO-logger.py-yuxuan-日志信息:正在执行第3条用例:正常注册
2019-01-18 12:48:42,751-INFO-logger.py-yuxuan-日志信息:-----------开始检查url地址-------------
2019-01-18 12:48:42,752-INFO-logger.py-yuxuan-日志信息:请求url:http://120.24.235.105:9010/finance-user_info-war-1.0/ws/financeUserInfoFacade.ws?wsdl
2019-01-18 12:48:42,753-INFO-logger.py-yuxuan-日志信息:-----------开始检查参数-------------
2019-01-18 12:48:42,753-INFO-logger.py-yuxuan-日志信息:注册请求参数:{'user_id': 'hyvu雨轩78', 'pwd': '123456az', 'verify_code': '006388', 'ip': '192.168.2.121', 'mobile': '13147368320', 'channel_id': 1}
2019-01-18 12:49:31,870-INFO-logger.py-yuxuan-日志信息:正在执行第1条用例:成功发送短信验证码
2019-01-18 12:49:31,870-INFO-logger.py-yuxuan-日志信息:-----------开始检查url地址-------------
2019-01-18 12:49:31,872-INFO-logger.py-yuxuan-日志信息:请求url:http://120.24.235.105:9010/sms-service-war-1.0/ws/smsFacade.ws?wsdl
2019-01-18 12:49:31,872-INFO-logger.py-yuxuan-日志信息:-----------开始检查参数-------------
2019-01-18 12:49:31,872-INFO-logger.py-yuxuan-日志信息:请求参数:{'client_ip': '192.168.2.121', 'mobile': '17629541320', 'tmpl_id': '1'}
2019-01-18 12:49:42,847-INFO-logger.py-yuxuan-日志信息:注册接口请求结果:(commResult){
   retCode = "20042023"
   retInfo = "该手机号已被注册"
 }
2019-01-18 12:49:42,890-INFO-logger.py-yuxuan-日志信息:关闭数据库连接，测试环境还原
2019-01-18 12:49:42,939-INFO-logger.py-yuxuan-日志信息:正在执行第4条用例:发送验证码手机号与注册手机号非相同
2019-01-18 12:49:42,939-INFO-logger.py-yuxuan-日志信息:-----------开始检查url地址-------------
2019-01-18 12:49:42,941-INFO-logger.py-yuxuan-日志信息:请求url:http://120.24.235.105:9010/finance-user_info-war-1.0/ws/financeUserInfoFacade.ws?wsdl
2019-01-18 12:49:42,941-INFO-logger.py-yuxuan-日志信息:-----------开始检查参数-------------
2019-01-18 12:49:42,941-INFO-logger.py-yuxuan-日志信息:注册请求参数:{'user_id': 'exvk雨轩89', 'pwd': '123456az', 'verify_code': '006388', 'ip': '192.168.2.121', 'mobile': '18650573521', 'channel_id': 1}
2019-01-18 12:50:32,040-INFO-logger.py-yuxuan-日志信息:请求结果:(result){
   retCode = "0"
   retInfo = "ok"
 }
2019-01-18 12:50:32,092-INFO-logger.py-yuxuan-日志信息:本条用例测试结果:pass
2019-01-18 12:50:32,155-INFO-logger.py-yuxuan-日志信息:关闭数据库连接，测试环境还原
2019-01-18 12:50:32,222-INFO-logger.py-yuxuan-日志信息:正在执行第2条用例:正常注册
2019-01-18 12:50:32,222-INFO-logger.py-yuxuan-日志信息:-----------开始检查url地址-------------
2019-01-18 12:50:32,223-INFO-logger.py-yuxuan-日志信息:请求url:http://120.24.235.105:9010/finance-user_info-war-1.0/ws/financeUserInfoFacade.ws?wsdl
2019-01-18 12:50:32,223-INFO-logger.py-yuxuan-日志信息:-----------开始检查参数-------------
2019-01-18 12:50:32,223-INFO-logger.py-yuxuan-日志信息:请求参数:{'verify_code': '367918', 'channel_id': 1, 'ip': '192.168.2.121', 'user_id': 'qowa雨轩53', 'mobile': '17629541320', 'pwd': '123456az'}
2019-01-18 12:50:43,134-INFO-logger.py-yuxuan-日志信息:注册接口请求结果:(commResult){
   retCode = "300100017"
   retInfo = "短信验证码已丢失"
 }
2019-01-18 12:50:43,196-INFO-logger.py-yuxuan-日志信息:本条用例测试结果:pass
2019-01-18 12:50:43,196-INFO-logger.py-yuxuan-日志信息:关闭数据库连接，测试环境还原
2019-01-18 12:50:43,260-INFO-logger.py-yuxuan-日志信息:正在执行第5条用例:验证码为空，其他参数正确
2019-01-18 12:50:43,260-INFO-logger.py-yuxuan-日志信息:-----------开始检查url地址-------------
2019-01-18 12:50:43,262-INFO-logger.py-yuxuan-日志信息:请求url:http://120.24.235.105:9010/finance-user_info-war-1.0/ws/financeUserInfoFacade.ws?wsdl
2019-01-18 12:50:43,262-INFO-logger.py-yuxuan-日志信息:-----------开始检查参数-------------
2019-01-18 12:50:43,262-INFO-logger.py-yuxuan-日志信息:注册请求参数:{'user_id': 'ampm雨轩27', 'pwd': '123456az', 'verify_code': '', 'ip': '192.168.2.121', 'mobile': '13147368320', 'channel_id': 1}
2019-01-18 12:51:32,631-INFO-logger.py-yuxuan-日志信息:请求结果:(commResult){
   retCode = "0"
   retInfo = "ok"
 }
2019-01-18 12:51:32,690-INFO-logger.py-yuxuan-日志信息:本条用例测试结果:pass
2019-01-18 12:51:32,732-INFO-logger.py-yuxuan-日志信息:关闭数据库连接，测试环境还原
2019-01-18 12:51:32,796-INFO-logger.py-yuxuan-日志信息:正在执行第3条用例:正常实名认证
2019-01-18 12:51:32,797-INFO-logger.py-yuxuan-日志信息:-----------开始检查url地址-------------
2019-01-18 12:51:32,798-INFO-logger.py-yuxuan-日志信息:请求url:http://120.24.235.105:9010/finance-user_info-war-1.0/ws/financeUserInfoFacade.ws?wsdl
2019-01-18 12:51:32,798-INFO-logger.py-yuxuan-日志信息:-----------开始检查参数-------------
2019-01-18 12:51:32,799-INFO-logger.py-yuxuan-日志信息:请求参数:{'cre_id': '340104198707180937', 'uid': 100005041, 'true_name': '轩轩'}
2019-01-18 12:52:32,957-INFO-logger.py-yuxuan-日志信息:请求结果:(commResult){
   retCode = "0"
   retInfo = "ok"
 }
2019-01-18 12:52:33,010-INFO-logger.py-yuxuan-日志信息:本条用例测试结果:pass
2019-01-18 12:52:33,072-INFO-logger.py-yuxuan-日志信息:实名认证成功后,查询影响实名认证表行数等于1
2019-01-18 12:52:33,073-INFO-logger.py-yuxuan-日志信息:关闭数据库连接，测试环境还原
2019-01-18 12:52:33,136-INFO-logger.py-yuxuan-日志信息:正在执行第4条用例:未注册用户进行实名认证
2019-01-18 12:52:33,137-INFO-logger.py-yuxuan-日志信息:-----------开始检查url地址-------------
2019-01-18 12:52:33,138-INFO-logger.py-yuxuan-日志信息:请求url:http://120.24.235.105:9010/finance-user_info-war-1.0/ws/financeUserInfoFacade.ws?wsdl
2019-01-18 12:52:33,138-INFO-logger.py-yuxuan-日志信息:-----------开始检查参数-------------
2019-01-18 12:52:33,139-INFO-logger.py-yuxuan-日志信息:请求参数:{'cre_id': '320611194904029506', 'uid': 100001005, 'true_name': '轩轩'}
2019-01-18 12:53:54,504-INFO-logger.py-yuxuan-日志信息:正在执行第1条用例:成功发送短信验证码
2019-01-18 12:53:54,504-INFO-logger.py-yuxuan-日志信息:-----------开始检查url地址-------------
2019-01-18 12:53:54,506-INFO-logger.py-yuxuan-日志信息:请求url:http://120.24.235.105:9010/sms-service-war-1.0/ws/smsFacade.ws?wsdl
2019-01-18 12:53:54,507-INFO-logger.py-yuxuan-日志信息:-----------开始检查参数-------------
2019-01-18 12:53:54,507-INFO-logger.py-yuxuan-日志信息:注册请求参数:{'tmpl_id': '1', 'mobile': '13053817320', 'client_ip': '192.168.2.121'}
2019-01-18 12:54:54,688-INFO-logger.py-yuxuan-日志信息:注册接口请求结果:(result){
   retCode = "0"
   retInfo = "ok"
 }
2019-01-18 12:54:54,745-INFO-logger.py-yuxuan-日志信息:本条用例测试结果:pass
2019-01-18 12:54:54,793-INFO-logger.py-yuxuan-日志信息:关闭数据库连接，测试环境还原
2019-01-18 12:54:54,858-INFO-logger.py-yuxuan-日志信息:正在执行第2条用例:错误验证码注册
2019-01-18 12:54:54,858-INFO-logger.py-yuxuan-日志信息:-----------开始检查url地址-------------
2019-01-18 12:54:54,860-INFO-logger.py-yuxuan-日志信息:请求url:http://120.24.235.105:9010/finance-user_info-war-1.0/ws/financeUserInfoFacade.ws?wsdl
2019-01-18 12:54:54,860-INFO-logger.py-yuxuan-日志信息:-----------开始检查参数-------------
2019-01-18 12:54:54,860-INFO-logger.py-yuxuan-日志信息:注册请求参数:{'mobile': '13053817320', 'pwd': '123456az', 'user_id': 'luds雨轩85', 'channel_id': 1, 'verify_code': '402650', 'ip': '192.168.2.121'}
2019-01-18 12:55:55,086-INFO-logger.py-yuxuan-日志信息:注册接口请求结果:(commResult){
   retCode = "30010008"
   retInfo = "验证码错误"
 }
2019-01-18 12:55:55,129-INFO-logger.py-yuxuan-日志信息:本条用例测试结果:pass
2019-01-18 12:55:55,129-INFO-logger.py-yuxuan-日志信息:关闭数据库连接，测试环境还原
2019-01-18 12:55:55,191-INFO-logger.py-yuxuan-日志信息:正在执行第3条用例:正常注册
2019-01-18 12:55:55,192-INFO-logger.py-yuxuan-日志信息:-----------开始检查url地址-------------
2019-01-18 12:55:55,193-INFO-logger.py-yuxuan-日志信息:请求url:http://120.24.235.105:9010/finance-user_info-war-1.0/ws/financeUserInfoFacade.ws?wsdl
2019-01-18 12:55:55,194-INFO-logger.py-yuxuan-日志信息:-----------开始检查参数-------------
2019-01-18 12:55:55,194-INFO-logger.py-yuxuan-日志信息:注册请求参数:{'mobile': '13053817320', 'pwd': '123456az', 'user_id': 'rfka雨轩97', 'channel_id': 1, 'verify_code': '816146', 'ip': '192.168.2.121'}
2019-01-18 12:56:55,541-INFO-logger.py-yuxuan-日志信息:注册接口请求结果:(commResult){
   retCode = "0"
   retInfo = "ok"
 }
2019-01-18 12:56:55,597-INFO-logger.py-yuxuan-日志信息:本条用例测试结果:pass
2019-01-18 12:56:55,662-INFO-logger.py-yuxuan-日志信息:请求注册接口成功后，查询影响t_user_info表行数等于1
2019-01-18 12:56:55,662-INFO-logger.py-yuxuan-日志信息:关闭数据库连接，测试环境还原
2019-01-18 12:56:55,722-INFO-logger.py-yuxuan-日志信息:正在执行第4条用例:发送验证码手机号与注册手机号非相同
2019-01-18 12:56:55,722-INFO-logger.py-yuxuan-日志信息:-----------开始检查url地址-------------
2019-01-18 12:56:55,723-INFO-logger.py-yuxuan-日志信息:请求url:http://120.24.235.105:9010/finance-user_info-war-1.0/ws/financeUserInfoFacade.ws?wsdl
2019-01-18 12:56:55,724-INFO-logger.py-yuxuan-日志信息:-----------开始检查参数-------------
2019-01-18 12:56:55,724-INFO-logger.py-yuxuan-日志信息:注册请求参数:{'mobile': '18650573521', 'pwd': '123456az', 'user_id': 'koqq雨轩11', 'channel_id': 1, 'verify_code': '816146', 'ip': '192.168.2.121'}
2019-01-18 12:57:55,843-INFO-logger.py-yuxuan-日志信息:注册接口请求结果:(commResult){
   retCode = "300100017"
   retInfo = "短信验证码已丢失"
 }
2019-01-18 12:57:55,883-INFO-logger.py-yuxuan-日志信息:本条用例测试结果:pass
2019-01-18 12:57:55,883-INFO-logger.py-yuxuan-日志信息:关闭数据库连接，测试环境还原
2019-01-18 12:57:55,942-INFO-logger.py-yuxuan-日志信息:正在执行第5条用例:验证码为空，其他参数正确
2019-01-18 12:57:55,942-INFO-logger.py-yuxuan-日志信息:-----------开始检查url地址-------------
2019-01-18 12:57:55,944-INFO-logger.py-yuxuan-日志信息:请求url:http://120.24.235.105:9010/finance-user_info-war-1.0/ws/financeUserInfoFacade.ws?wsdl
2019-01-18 12:57:55,944-INFO-logger.py-yuxuan-日志信息:-----------开始检查参数-------------
2019-01-18 12:57:55,944-INFO-logger.py-yuxuan-日志信息:注册请求参数:{'mobile': '13053817320', 'pwd': '123456az', 'user_id': 'fmce雨轩89', 'channel_id': 1, 'verify_code': '', 'ip': '192.168.2.121'}
2019-01-18 12:58:56,019-INFO-logger.py-yuxuan-日志信息:注册接口请求结果:(commResult){
   retCode = "19001"
   retInfo = "验证码错误"
 }
2019-01-18 12:58:56,055-INFO-logger.py-yuxuan-日志信息:本条用例测试结果:pass
2019-01-18 12:58:56,055-INFO-logger.py-yuxuan-日志信息:关闭数据库连接，测试环境还原
2019-01-18 12:58:56,103-INFO-logger.py-yuxuan-日志信息:正在执行第6条用例:用户名为空，其他参数正确
2019-01-18 12:58:56,104-INFO-logger.py-yuxuan-日志信息:-----------开始检查url地址-------------
2019-01-18 12:58:56,105-INFO-logger.py-yuxuan-日志信息:请求url:http://120.24.235.105:9010/finance-user_info-war-1.0/ws/financeUserInfoFacade.ws?wsdl
2019-01-18 12:58:56,105-INFO-logger.py-yuxuan-日志信息:-----------开始检查参数-------------
2019-01-18 12:58:56,105-INFO-logger.py-yuxuan-日志信息:注册请求参数:{'mobile': '13053817320', 'pwd': '123456az', 'user_id': '', 'channel_id': 1, 'verify_code': '816146', 'ip': '192.168.2.121'}
2019-01-18 12:59:56,167-INFO-logger.py-yuxuan-日志信息:注册接口请求结果:(commResult){
   retCode = "19001"
   retInfo = "用户名错误"
 }
2019-01-18 12:59:56,203-INFO-logger.py-yuxuan-日志信息:本条用例测试结果:pass
2019-01-18 12:59:56,203-INFO-logger.py-yuxuan-日志信息:关闭数据库连接，测试环境还原
2019-01-18 12:59:56,274-INFO-logger.py-yuxuan-日志信息:正在执行第7条用例:渠道信息为空，其他参数正确
2019-01-18 12:59:56,274-INFO-logger.py-yuxuan-日志信息:-----------开始检查url地址-------------
2019-01-18 12:59:56,275-INFO-logger.py-yuxuan-日志信息:请求url:http://120.24.235.105:9010/finance-user_info-war-1.0/ws/financeUserInfoFacade.ws?wsdl
2019-01-18 12:59:56,276-INFO-logger.py-yuxuan-日志信息:-----------开始检查参数-------------
2019-01-18 12:59:56,276-INFO-logger.py-yuxuan-日志信息:注册请求参数:{'mobile': '13053817320', 'pwd': '123456az', 'user_id': 'qfre雨轩2', 'channel_id': '', 'verify_code': '816146', 'ip': '192.168.2.121'}
2019-01-18 13:00:56,333-INFO-logger.py-yuxuan-日志信息:注册接口请求结果:(commResult){
   retCode = "19001"
   retInfo = "渠道信息错误"
 }
2019-01-18 13:00:56,368-INFO-logger.py-yuxuan-日志信息:本条用例测试结果:pass
2019-01-18 13:00:56,368-INFO-logger.py-yuxuan-日志信息:关闭数据库连接，测试环境还原
2019-01-18 13:00:56,432-INFO-logger.py-yuxuan-日志信息:正在执行第8条用例:登录密码为空，其他参数正确
2019-01-18 13:00:56,432-INFO-logger.py-yuxuan-日志信息:-----------开始检查url地址-------------
2019-01-18 13:00:56,434-INFO-logger.py-yuxuan-日志信息:请求url:http://120.24.235.105:9010/finance-user_info-war-1.0/ws/financeUserInfoFacade.ws?wsdl
2019-01-18 13:00:56,434-INFO-logger.py-yuxuan-日志信息:-----------开始检查参数-------------
2019-01-18 13:00:56,434-INFO-logger.py-yuxuan-日志信息:注册请求参数:{'mobile': '13053817320', 'pwd': '', 'user_id': 'ibqm雨轩15', 'channel_id': 1, 'verify_code': '816146', 'ip': '192.168.2.121'}
2019-01-18 13:01:56,488-INFO-logger.py-yuxuan-日志信息:注册接口请求结果:(commResult){
   retCode = "19001"
   retInfo = "用户UID错误"
 }
2019-01-18 13:01:56,523-INFO-logger.py-yuxuan-日志信息:本条用例测试结果:pass
2019-01-18 13:01:56,523-INFO-logger.py-yuxuan-日志信息:关闭数据库连接，测试环境还原
2019-01-18 13:01:56,570-INFO-logger.py-yuxuan-日志信息:正在执行第9条用例:手机号为空，其他参数正确
2019-01-18 13:01:56,570-INFO-logger.py-yuxuan-日志信息:-----------开始检查url地址-------------
2019-01-18 13:01:56,571-INFO-logger.py-yuxuan-日志信息:请求url:http://120.24.235.105:9010/finance-user_info-war-1.0/ws/financeUserInfoFacade.ws?wsdl
2019-01-18 13:01:56,571-INFO-logger.py-yuxuan-日志信息:-----------开始检查参数-------------
2019-01-18 13:01:56,571-INFO-logger.py-yuxuan-日志信息:注册请求参数:{'mobile': '', 'pwd': '123456az', 'user_id': 'gwia雨轩83', 'channel_id': 1, 'verify_code': '816146', 'ip': '192.168.2.121'}
2019-01-18 13:02:56,652-INFO-logger.py-yuxuan-日志信息:注册接口请求结果:(commResult){
   retCode = "19001"
   retInfo = "手机号错误"
 }
2019-01-18 13:02:56,707-INFO-logger.py-yuxuan-日志信息:本条用例测试结果:pass
2019-01-18 13:02:56,707-INFO-logger.py-yuxuan-日志信息:关闭数据库连接，测试环境还原
2019-01-18 13:02:56,766-INFO-logger.py-yuxuan-日志信息:正在执行第10条用例:IP为空，其他参数正确
2019-01-18 13:02:56,766-INFO-logger.py-yuxuan-日志信息:-----------开始检查url地址-------------
2019-01-18 13:02:56,768-INFO-logger.py-yuxuan-日志信息:请求url:http://120.24.235.105:9010/finance-user_info-war-1.0/ws/financeUserInfoFacade.ws?wsdl
2019-01-18 13:02:56,768-INFO-logger.py-yuxuan-日志信息:-----------开始检查参数-------------
2019-01-18 13:02:56,768-INFO-logger.py-yuxuan-日志信息:注册请求参数:{'mobile': '13053817320', 'pwd': '123456az', 'user_id': 'tpto雨轩53', 'channel_id': 1, 'verify_code': '816146', 'ip': ''}
2019-01-18 13:03:56,828-INFO-logger.py-yuxuan-日志信息:注册接口请求结果:(commResult){
   retCode = "19001"
   retInfo = "IP地址错误"
 }
2019-01-18 13:03:56,862-INFO-logger.py-yuxuan-日志信息:本条用例测试结果:pass
2019-01-18 13:03:56,862-INFO-logger.py-yuxuan-日志信息:关闭数据库连接，测试环境还原
2019-01-18 13:03:56,926-INFO-logger.py-yuxuan-日志信息:正在执行第11条用例:注册表已存在用户名注册
2019-01-18 13:03:56,926-INFO-logger.py-yuxuan-日志信息:-----------开始检查url地址-------------
2019-01-18 13:03:56,927-INFO-logger.py-yuxuan-日志信息:请求url:http://120.24.235.105:9010/finance-user_info-war-1.0/ws/financeUserInfoFacade.ws?wsdl
2019-01-18 13:03:56,928-INFO-logger.py-yuxuan-日志信息:-----------开始检查参数-------------
2019-01-18 13:03:56,928-INFO-logger.py-yuxuan-日志信息:注册请求参数:{'mobile': '13053817320', 'pwd': '123456az', 'user_id': '雨轩', 'channel_id': 1, 'verify_code': '816146', 'ip': '192.168.2.121'}
2019-01-18 13:04:57,035-INFO-logger.py-yuxuan-日志信息:注册接口请求结果:(commResult){
   retCode = "20042003"
   retInfo = "该用户已存在"
 }
2019-01-18 13:04:57,085-INFO-logger.py-yuxuan-日志信息:本条用例测试结果:pass
2019-01-18 13:04:57,085-INFO-logger.py-yuxuan-日志信息:关闭数据库连接，测试环境还原
2019-01-18 13:04:57,149-INFO-logger.py-yuxuan-日志信息:正在执行第12条用例:错误渠道信息注册
2019-01-18 13:04:57,150-INFO-logger.py-yuxuan-日志信息:-----------开始检查url地址-------------
2019-01-18 13:04:57,150-INFO-logger.py-yuxuan-日志信息:请求url:http://120.24.235.105:9010/finance-user_info-war-1.0/ws/financeUserInfoFacade.ws?wsdl
2019-01-18 13:04:57,151-INFO-logger.py-yuxuan-日志信息:-----------开始检查参数-------------
2019-01-18 13:04:57,151-INFO-logger.py-yuxuan-日志信息:注册请求参数:{'mobile': '13053817320', 'pwd': '123456az', 'user_id': 'kxhc雨轩98', 'channel_id': 4, 'verify_code': '816146', 'ip': '192.168.2.121'}
2019-01-18 13:05:57,217-INFO-logger.py-yuxuan-日志信息:注册接口请求结果:(commResult){
   retCode = "19001"
   retInfo = "渠道信息错误"
 }
2019-01-18 13:05:57,261-INFO-logger.py-yuxuan-日志信息:本条用例测试结果:pass
2019-01-18 13:05:57,261-INFO-logger.py-yuxuan-日志信息:关闭数据库连接，测试环境还原
2019-01-18 13:05:57,303-INFO-logger.py-yuxuan-日志信息:正在执行第13条用例:11位非手机号纯数字
2019-01-18 13:05:57,303-INFO-logger.py-yuxuan-日志信息:-----------开始检查url地址-------------
2019-01-18 13:05:57,305-INFO-logger.py-yuxuan-日志信息:请求url:http://120.24.235.105:9010/finance-user_info-war-1.0/ws/financeUserInfoFacade.ws?wsdl
2019-01-18 13:05:57,305-INFO-logger.py-yuxuan-日志信息:-----------开始检查参数-------------
2019-01-18 13:05:57,305-INFO-logger.py-yuxuan-日志信息:注册请求参数:{'mobile': '12378900011', 'pwd': '123456az', 'user_id': 'mfso雨轩57', 'channel_id': 1, 'verify_code': '816146', 'ip': '192.168.2.121'}
2019-01-18 13:06:57,375-INFO-logger.py-yuxuan-日志信息:注册接口请求结果:(commResult){
   retCode = "19001"
   retInfo = "手机号错误"
 }
2019-01-18 13:06:57,408-INFO-logger.py-yuxuan-日志信息:本条用例测试结果:pass
2019-01-18 13:06:57,408-INFO-logger.py-yuxuan-日志信息:关闭数据库连接，测试环境还原
2019-01-18 13:06:57,472-INFO-logger.py-yuxuan-日志信息:正在执行第14条用例:11手机号数字+字母
2019-01-18 13:06:57,472-INFO-logger.py-yuxuan-日志信息:-----------开始检查url地址-------------
2019-01-18 13:06:57,473-INFO-logger.py-yuxuan-日志信息:请求url:http://120.24.235.105:9010/finance-user_info-war-1.0/ws/financeUserInfoFacade.ws?wsdl
2019-01-18 13:06:57,474-INFO-logger.py-yuxuan-日志信息:-----------开始检查参数-------------
2019-01-18 13:06:57,474-INFO-logger.py-yuxuan-日志信息:注册请求参数:{'mobile': '1348980fc50', 'pwd': '123456az', 'user_id': 'waha雨轩97', 'channel_id': 1, 'verify_code': '816146', 'ip': '192.168.2.121'}
2019-01-18 13:07:57,532-INFO-logger.py-yuxuan-日志信息:注册接口请求结果:(commResult){
   retCode = "19001"
   retInfo = "手机号错误"
 }
2019-01-18 13:07:57,567-INFO-logger.py-yuxuan-日志信息:本条用例测试结果:pass
2019-01-18 13:07:57,567-INFO-logger.py-yuxuan-日志信息:关闭数据库连接，测试环境还原
2019-01-18 13:07:57,609-INFO-logger.py-yuxuan-日志信息:正在执行第15条用例:12位手机号
2019-01-18 13:07:57,610-INFO-logger.py-yuxuan-日志信息:-----------开始检查url地址-------------
2019-01-18 13:07:57,612-INFO-logger.py-yuxuan-日志信息:请求url:http://120.24.235.105:9010/finance-user_info-war-1.0/ws/financeUserInfoFacade.ws?wsdl
2019-01-18 13:07:57,612-INFO-logger.py-yuxuan-日志信息:-----------开始检查参数-------------
2019-01-18 13:07:57,612-INFO-logger.py-yuxuan-日志信息:注册请求参数:{'mobile': '135550578711', 'pwd': '123456az', 'user_id': 'zizf雨轩73', 'channel_id': 1, 'verify_code': '816146', 'ip': '192.168.2.121'}
2019-01-18 13:08:57,693-INFO-logger.py-yuxuan-日志信息:注册接口请求结果:(commResult){
   retCode = "19001"
   retInfo = "手机号错误"
 }
2019-01-18 13:08:57,738-INFO-logger.py-yuxuan-日志信息:本条用例测试结果:pass
2019-01-18 13:08:57,739-INFO-logger.py-yuxuan-日志信息:关闭数据库连接，测试环境还原
2019-01-18 13:08:57,794-INFO-logger.py-yuxuan-日志信息:正在执行第16条用例:10位手机号
2019-01-18 13:08:57,794-INFO-logger.py-yuxuan-日志信息:-----------开始检查url地址-------------
2019-01-18 13:08:57,796-INFO-logger.py-yuxuan-日志信息:请求url:http://120.24.235.105:9010/finance-user_info-war-1.0/ws/financeUserInfoFacade.ws?wsdl
2019-01-18 13:08:57,796-INFO-logger.py-yuxuan-日志信息:-----------开始检查参数-------------
2019-01-18 13:08:57,796-INFO-logger.py-yuxuan-日志信息:注册请求参数:{'mobile': '1355505787', 'pwd': '123456az', 'user_id': 'uvpj雨轩9', 'channel_id': 1, 'verify_code': '816146', 'ip': '192.168.2.121'}
2019-01-18 13:09:57,857-INFO-logger.py-yuxuan-日志信息:注册接口请求结果:(commResult){
   retCode = "19001"
   retInfo = "手机号错误"
 }
2019-01-18 13:09:57,891-INFO-logger.py-yuxuan-日志信息:本条用例测试结果:pass
2019-01-18 13:09:57,892-INFO-logger.py-yuxuan-日志信息:关闭数据库连接，测试环境还原
2019-01-18 13:09:57,936-INFO-logger.py-yuxuan-日志信息:正在执行第17条用例:发送短信验证码用于超时
2019-01-18 13:09:57,936-INFO-logger.py-yuxuan-日志信息:-----------开始检查url地址-------------
2019-01-18 13:09:57,937-INFO-logger.py-yuxuan-日志信息:请求url:http://120.24.235.105:9010/sms-service-war-1.0/ws/smsFacade.ws?wsdl
2019-01-18 13:09:57,938-INFO-logger.py-yuxuan-日志信息:-----------开始检查参数-------------
2019-01-18 13:09:57,938-INFO-logger.py-yuxuan-日志信息:注册请求参数:{'tmpl_id': '1', 'mobile': '15359836320', 'client_ip': '192.168.2.121'}
2019-01-18 13:10:58,043-INFO-logger.py-yuxuan-日志信息:注册接口请求结果:(result){
   retCode = "0"
   retInfo = "ok"
 }
2019-01-18 13:10:58,092-INFO-logger.py-yuxuan-日志信息:本条用例测试结果:pass
2019-01-18 13:10:58,092-INFO-logger.py-yuxuan-日志信息:关闭数据库连接，测试环境还原
2019-01-18 13:10:58,143-INFO-logger.py-yuxuan-日志信息:正在执行第18条用例:注册验证码超时
2019-01-18 13:10:58,143-INFO-logger.py-yuxuan-日志信息:-----------开始检查url地址-------------
2019-01-18 13:10:58,145-INFO-logger.py-yuxuan-日志信息:请求url:http://120.24.235.105:9010/finance-user_info-war-1.0/ws/financeUserInfoFacade.ws?wsdl
2019-01-18 13:10:58,145-INFO-logger.py-yuxuan-日志信息:-----------开始检查参数-------------
2019-01-18 13:10:58,145-INFO-logger.py-yuxuan-日志信息:注册请求参数:{'mobile': '15359836320', 'pwd': '123456az', 'user_id': 'wjwa雨轩88', 'channel_id': 1, 'verify_code': '816146', 'ip': '192.168.2.121'}
2019-01-18 13:19:18,262-INFO-logger.py-yuxuan-日志信息:注册接口请求结果:(commResult){
   retCode = "30010010"
   retInfo = "验证码已过期"
 }
2019-01-18 13:19:18,324-INFO-logger.py-yuxuan-日志信息:本条用例测试结果:pass
2019-01-18 13:19:18,324-INFO-logger.py-yuxuan-日志信息:关闭数据库连接，测试环境还原
2019-01-18 13:19:18,373-INFO-logger.py-yuxuan-日志信息:正在执行第1条用例:成功发送短信验证码
2019-01-18 13:19:18,374-INFO-logger.py-yuxuan-日志信息:-----------开始检查url地址-------------
2019-01-18 13:19:18,375-INFO-logger.py-yuxuan-日志信息:请求url:http://120.24.235.105:9010/sms-service-war-1.0/ws/smsFacade.ws?wsdl
2019-01-18 13:19:18,376-INFO-logger.py-yuxuan-日志信息:-----------开始检查请求参数-------------
2019-01-18 13:19:18,376-INFO-logger.py-yuxuan-日志信息:请求参数:{'tmpl_id': '1', 'mobile': '13258682320', 'client_ip': '192.168.2.121'}
2019-01-18 13:20:18,519-INFO-logger.py-yuxuan-日志信息:请求接口结果:(result){
   retCode = "0"
   retInfo = "ok"
 }
2019-01-18 13:20:18,573-INFO-logger.py-yuxuan-日志信息:发送验证码成功，查询数据库，添加一条数据与请求参数相同
2019-01-18 13:20:18,573-INFO-logger.py-yuxuan-日志信息:本条用例测试结果:pass
2019-01-18 13:20:18,573-INFO-logger.py-yuxuan-日志信息:关闭数据库连接，测试环境还原
2019-01-18 13:20:18,626-INFO-logger.py-yuxuan-日志信息:正在执行第2条用例:ip地址为空，其余正确输入
2019-01-18 13:20:18,626-INFO-logger.py-yuxuan-日志信息:-----------开始检查url地址-------------
2019-01-18 13:20:18,627-INFO-logger.py-yuxuan-日志信息:请求url:http://120.24.235.105:9010/sms-service-war-1.0/ws/smsFacade.ws?wsdl
2019-01-18 13:20:18,628-INFO-logger.py-yuxuan-日志信息:-----------开始检查请求参数-------------
2019-01-18 13:20:18,628-INFO-logger.py-yuxuan-日志信息:请求参数:{'tmpl_id': '1', 'mobile': '13548971320', 'client_ip': ''}
2019-01-18 13:20:18,717-INFO-logger.py-yuxuan-日志信息:发送验证码成功，数据库查询无数据
2019-01-18 13:20:18,717-INFO-logger.py-yuxuan-日志信息:本条用例测试结果:pass
2019-01-18 13:20:18,717-INFO-logger.py-yuxuan-日志信息:关闭数据库连接，测试环境还原
2019-01-18 13:20:18,770-INFO-logger.py-yuxuan-日志信息:正在执行第3条用例:短信模板为空，其余正确输入
2019-01-18 13:20:18,770-INFO-logger.py-yuxuan-日志信息:-----------开始检查url地址-------------
2019-01-18 13:20:18,771-INFO-logger.py-yuxuan-日志信息:请求url:http://120.24.235.105:9010/sms-service-war-1.0/ws/smsFacade.ws?wsdl
2019-01-18 13:20:18,771-INFO-logger.py-yuxuan-日志信息:-----------开始检查请求参数-------------
2019-01-18 13:20:18,771-INFO-logger.py-yuxuan-日志信息:请求参数:{'tmpl_id': '', 'mobile': '18385821320', 'client_ip': '192.168.2.121'}
2019-01-18 13:20:18,856-INFO-logger.py-yuxuan-日志信息:发送验证码成功，数据库查询无数据
2019-01-18 13:20:18,856-INFO-logger.py-yuxuan-日志信息:本条用例测试结果:pass
2019-01-18 13:20:18,856-INFO-logger.py-yuxuan-日志信息:关闭数据库连接，测试环境还原
2019-01-18 13:20:18,897-INFO-logger.py-yuxuan-日志信息:正在执行第4条用例:手机号为空，其余正确输入
2019-01-18 13:20:18,898-INFO-logger.py-yuxuan-日志信息:-----------开始检查url地址-------------
2019-01-18 13:20:18,899-INFO-logger.py-yuxuan-日志信息:请求url:http://120.24.235.105:9010/sms-service-war-1.0/ws/smsFacade.ws?wsdl
2019-01-18 13:20:18,900-INFO-logger.py-yuxuan-日志信息:-----------开始检查请求参数-------------
2019-01-18 13:20:18,900-INFO-logger.py-yuxuan-日志信息:请求参数:{'tmpl_id': '1', 'mobile': '', 'client_ip': '192.168.2.121'}
2019-01-18 13:20:19,007-INFO-logger.py-yuxuan-日志信息:发送验证码成功，数据库查询无数据
2019-01-18 13:20:19,007-INFO-logger.py-yuxuan-日志信息:本条用例测试结果:pass
2019-01-18 13:20:19,007-INFO-logger.py-yuxuan-日志信息:关闭数据库连接，测试环境还原
2019-01-18 13:20:19,043-INFO-logger.py-yuxuan-日志信息:正在执行第5条用例:11位非手机号纯数字
2019-01-18 13:20:19,043-INFO-logger.py-yuxuan-日志信息:-----------开始检查url地址-------------
2019-01-18 13:20:19,044-INFO-logger.py-yuxuan-日志信息:请求url:http://120.24.235.105:9010/sms-service-war-1.0/ws/smsFacade.ws?wsdl
2019-01-18 13:20:19,044-INFO-logger.py-yuxuan-日志信息:-----------开始检查请求参数-------------
2019-01-18 13:20:19,045-INFO-logger.py-yuxuan-日志信息:请求参数:{'tmpl_id': '1', 'mobile': '12378900011', 'client_ip': '192.168.2.121'}
2019-01-18 13:20:19,114-INFO-logger.py-yuxuan-日志信息:发送验证码成功，数据库查询无数据
2019-01-18 13:20:19,114-INFO-logger.py-yuxuan-日志信息:本条用例测试结果:pass
2019-01-18 13:20:19,114-INFO-logger.py-yuxuan-日志信息:关闭数据库连接，测试环境还原
2019-01-18 13:20:19,171-INFO-logger.py-yuxuan-日志信息:正在执行第6条用例:11手机号数字+字母
2019-01-18 13:20:19,171-INFO-logger.py-yuxuan-日志信息:-----------开始检查url地址-------------
2019-01-18 13:20:19,173-INFO-logger.py-yuxuan-日志信息:请求url:http://120.24.235.105:9010/sms-service-war-1.0/ws/smsFacade.ws?wsdl
2019-01-18 13:20:19,173-INFO-logger.py-yuxuan-日志信息:-----------开始检查请求参数-------------
2019-01-18 13:20:19,173-INFO-logger.py-yuxuan-日志信息:请求参数:{'tmpl_id': '1', 'mobile': '1348980fc50', 'client_ip': '192.168.2.121'}
2019-01-18 13:20:19,278-INFO-logger.py-yuxuan-日志信息:发送验证码成功，数据库查询无数据
2019-01-18 13:20:19,278-INFO-logger.py-yuxuan-日志信息:本条用例测试结果:pass
2019-01-18 13:20:19,278-INFO-logger.py-yuxuan-日志信息:关闭数据库连接，测试环境还原
2019-01-18 13:20:19,330-INFO-logger.py-yuxuan-日志信息:正在执行第7条用例:12位手机号
2019-01-18 13:20:19,330-INFO-logger.py-yuxuan-日志信息:-----------开始检查url地址-------------
2019-01-18 13:20:19,331-INFO-logger.py-yuxuan-日志信息:请求url:http://120.24.235.105:9010/sms-service-war-1.0/ws/smsFacade.ws?wsdl
2019-01-18 13:20:19,331-INFO-logger.py-yuxuan-日志信息:-----------开始检查请求参数-------------
2019-01-18 13:20:19,331-INFO-logger.py-yuxuan-日志信息:请求参数:{'tmpl_id': '1', 'mobile': '135550578711', 'client_ip': '192.168.2.121'}
2019-01-18 13:20:19,435-INFO-logger.py-yuxuan-日志信息:发送验证码成功，数据库查询无数据
2019-01-18 13:20:19,435-INFO-logger.py-yuxuan-日志信息:本条用例测试结果:pass
2019-01-18 13:20:19,436-INFO-logger.py-yuxuan-日志信息:关闭数据库连接，测试环境还原
2019-01-18 13:20:19,493-INFO-logger.py-yuxuan-日志信息:正在执行第8条用例:10位手机号
2019-01-18 13:20:19,493-INFO-logger.py-yuxuan-日志信息:-----------开始检查url地址-------------
2019-01-18 13:20:19,494-INFO-logger.py-yuxuan-日志信息:请求url:http://120.24.235.105:9010/sms-service-war-1.0/ws/smsFacade.ws?wsdl
2019-01-18 13:20:19,495-INFO-logger.py-yuxuan-日志信息:-----------开始检查请求参数-------------
2019-01-18 13:20:19,495-INFO-logger.py-yuxuan-日志信息:请求参数:{'tmpl_id': '1', 'mobile': '1355505787', 'client_ip': '192.168.2.121'}
2019-01-18 13:20:19,588-INFO-logger.py-yuxuan-日志信息:发送验证码成功，数据库查询无数据
2019-01-18 13:20:19,588-INFO-logger.py-yuxuan-日志信息:本条用例测试结果:pass
2019-01-18 13:20:19,589-INFO-logger.py-yuxuan-日志信息:关闭数据库连接，测试环境还原
2019-01-18 13:20:19,626-INFO-logger.py-yuxuan-日志信息:正在执行第9条用例:缺省部分请求参数
2019-01-18 13:20:19,626-INFO-logger.py-yuxuan-日志信息:-----------开始检查url地址-------------
2019-01-18 13:20:19,627-INFO-logger.py-yuxuan-日志信息:请求url:http://120.24.235.105:9010/sms-service-war-1.0/ws/smsFacade.ws?wsdl
2019-01-18 13:20:19,627-INFO-logger.py-yuxuan-日志信息:-----------开始检查请求参数-------------
2019-01-18 13:20:19,627-INFO-logger.py-yuxuan-日志信息:请求参数:{'tmpl_id': '1', 'client_ip': '192.168.2.121'}
2019-01-18 13:20:19,695-INFO-logger.py-yuxuan-日志信息:发送验证码成功，数据库查询无数据
2019-01-18 13:20:19,695-INFO-logger.py-yuxuan-日志信息:本条用例测试结果:pass
2019-01-18 13:20:19,695-INFO-logger.py-yuxuan-日志信息:关闭数据库连接，测试环境还原
2019-01-18 13:20:19,766-INFO-logger.py-yuxuan-日志信息:正在执行第10条用例:短信模板非1，其他正确输入
2019-01-18 13:20:19,767-INFO-logger.py-yuxuan-日志信息:-----------开始检查url地址-------------
2019-01-18 13:20:19,768-INFO-logger.py-yuxuan-日志信息:请求url:http://120.24.235.105:9010/sms-service-war-1.0/ws/smsFacade.ws?wsdl
2019-01-18 13:20:19,769-INFO-logger.py-yuxuan-日志信息:-----------开始检查请求参数-------------
2019-01-18 13:20:19,769-INFO-logger.py-yuxuan-日志信息:请求参数:{'tmpl_id': 2, 'mobile': '13061956320', 'client_ip': '192.168.2.121'}
2019-01-18 13:20:19,885-INFO-logger.py-yuxuan-日志信息:发送验证码成功，数据库查询无数据
2019-01-18 13:20:19,886-INFO-logger.py-yuxuan-日志信息:本条用例测试结果:pass
2019-01-18 13:20:19,886-INFO-logger.py-yuxuan-日志信息:关闭数据库连接，测试环境还原
2019-01-18 13:20:19,932-INFO-logger.py-yuxuan-日志信息:正在执行第11条用例:ip地址非正确ip格式
2019-01-18 13:20:19,932-INFO-logger.py-yuxuan-日志信息:-----------开始检查url地址-------------
2019-01-18 13:20:19,934-INFO-logger.py-yuxuan-日志信息:请求url:http://120.24.235.105:9010/sms-service-war-1.0/ws/smsFacade.ws?wsdl
2019-01-18 13:20:19,934-INFO-logger.py-yuxuan-日志信息:-----------开始检查请求参数-------------
2019-01-18 13:20:19,934-INFO-logger.py-yuxuan-日志信息:请求参数:{'tmpl_id': '1', 'mobile': '13511446320', 'client_ip': '192168245'}
2019-01-18 13:21:20,020-INFO-logger.py-yuxuan-日志信息:请求接口结果:(result){
   retCode = "0"
   retInfo = "ok"
 }
2019-01-18 13:21:20,020-INFO-logger.py-yuxuan-日志信息:关闭数据库连接，测试环境还原
2019-01-18 13:21:20,079-INFO-logger.py-yuxuan-日志信息:正在执行第1条用例:成功发送短信验证码
2019-01-18 13:21:20,080-INFO-logger.py-yuxuan-日志信息:-----------开始检查url地址-------------
2019-01-18 13:21:20,081-INFO-logger.py-yuxuan-日志信息:请求url:http://120.24.235.105:9010/sms-service-war-1.0/ws/smsFacade.ws?wsdl
2019-01-18 13:21:20,081-INFO-logger.py-yuxuan-日志信息:-----------开始检查参数-------------
2019-01-18 13:21:20,081-INFO-logger.py-yuxuan-日志信息:请求参数:{'tmpl_id': '1', 'mobile': '15359836320', 'client_ip': '192.168.2.121'}
2019-01-18 13:22:20,254-INFO-logger.py-yuxuan-日志信息:请求结果:(result){
   retCode = "0"
   retInfo = "ok"
 }
2019-01-18 13:22:20,299-INFO-logger.py-yuxuan-日志信息:本条用例测试结果:pass
2019-01-18 13:22:20,363-INFO-logger.py-yuxuan-日志信息:关闭数据库连接，测试环境还原
2019-01-18 13:22:20,422-INFO-logger.py-yuxuan-日志信息:正在执行第2条用例:正常注册
2019-01-18 13:22:20,422-INFO-logger.py-yuxuan-日志信息:-----------开始检查url地址-------------
2019-01-18 13:22:20,424-INFO-logger.py-yuxuan-日志信息:请求url:http://120.24.235.105:9010/finance-user_info-war-1.0/ws/financeUserInfoFacade.ws?wsdl
2019-01-18 13:22:20,425-INFO-logger.py-yuxuan-日志信息:-----------开始检查参数-------------
2019-01-18 13:22:20,425-INFO-logger.py-yuxuan-日志信息:请求参数:{'mobile': '15359836320', 'pwd': '123456az', 'user_id': 'wjwa雨轩88', 'channel_id': 1, 'verify_code': '879343', 'ip': '192.168.2.121'}
2019-01-18 13:23:20,760-INFO-logger.py-yuxuan-日志信息:请求结果:(commResult){
   retCode = "0"
   retInfo = "ok"
 }
2019-01-18 13:23:20,806-INFO-logger.py-yuxuan-日志信息:本条用例测试结果:pass
2019-01-18 13:23:20,854-INFO-logger.py-yuxuan-日志信息:关闭数据库连接，测试环境还原
2019-01-18 13:23:20,902-INFO-logger.py-yuxuan-日志信息:正在执行第3条用例:正常实名认证
2019-01-18 13:23:20,902-INFO-logger.py-yuxuan-日志信息:-----------开始检查url地址-------------
2019-01-18 13:23:20,903-INFO-logger.py-yuxuan-日志信息:请求url:http://120.24.235.105:9010/finance-user_info-war-1.0/ws/financeUserInfoFacade.ws?wsdl
2019-01-18 13:23:20,903-INFO-logger.py-yuxuan-日志信息:-----------开始检查参数-------------
2019-01-18 13:23:20,903-INFO-logger.py-yuxuan-日志信息:请求参数:{'uid': 100005043, 'cre_id': '420106197504176194', 'true_name': '轩轩'}
2019-01-18 13:24:21,042-INFO-logger.py-yuxuan-日志信息:请求结果:(commResult){
   retCode = "0"
   retInfo = "ok"
 }
2019-01-18 13:24:21,099-INFO-logger.py-yuxuan-日志信息:本条用例测试结果:pass
2019-01-18 13:24:21,157-INFO-logger.py-yuxuan-日志信息:实名认证成功后,查询影响实名认证表行数等于1
2019-01-18 13:24:21,158-INFO-logger.py-yuxuan-日志信息:关闭数据库连接，测试环境还原
2019-01-18 13:24:21,227-INFO-logger.py-yuxuan-日志信息:正在执行第4条用例:未注册用户进行实名认证
2019-01-18 13:24:21,227-INFO-logger.py-yuxuan-日志信息:-----------开始检查url地址-------------
2019-01-18 13:24:21,229-INFO-logger.py-yuxuan-日志信息:请求url:http://120.24.235.105:9010/finance-user_info-war-1.0/ws/financeUserInfoFacade.ws?wsdl
2019-01-18 13:24:21,229-INFO-logger.py-yuxuan-日志信息:-----------开始检查参数-------------
2019-01-18 13:24:21,229-INFO-logger.py-yuxuan-日志信息:请求参数:{'uid': 100001005, 'cre_id': '411501198602248933', 'true_name': '轩轩'}
2019-01-18 13:25:21,329-INFO-logger.py-yuxuan-日志信息:请求结果:(commResult){
   retCode = "20042002"
   retInfo = "用户不存在"
 }
2019-01-18 13:25:21,376-INFO-logger.py-yuxuan-日志信息:本条用例测试结果:pass
2019-01-18 13:25:21,376-INFO-logger.py-yuxuan-日志信息:关闭数据库连接，测试环境还原
2019-01-18 13:25:21,415-INFO-logger.py-yuxuan-日志信息:正在执行第5条用例:真实姓名为空，其余参数正确
2019-01-18 13:25:21,415-INFO-logger.py-yuxuan-日志信息:-----------开始检查url地址-------------
2019-01-18 13:25:21,416-INFO-logger.py-yuxuan-日志信息:请求url:http://120.24.235.105:9010/finance-user_info-war-1.0/ws/financeUserInfoFacade.ws?wsdl
2019-01-18 13:25:21,416-INFO-logger.py-yuxuan-日志信息:-----------开始检查参数-------------
2019-01-18 13:25:21,417-INFO-logger.py-yuxuan-日志信息:请求参数:{'uid': 100005043, 'cre_id': '41152319590313896X', 'true_name': ''}
2019-01-18 13:26:21,486-INFO-logger.py-yuxuan-日志信息:请求结果:(commResult){
   retCode = "19001"
   retInfo = "真实姓名错误"
 }
2019-01-18 13:26:21,530-INFO-logger.py-yuxuan-日志信息:本条用例测试结果:pass
2019-01-18 13:26:21,530-INFO-logger.py-yuxuan-日志信息:关闭数据库连接，测试环境还原
2019-01-18 13:26:21,577-INFO-logger.py-yuxuan-日志信息:正在执行第6条用例:身份证号为空，其余参数正确
2019-01-18 13:26:21,577-INFO-logger.py-yuxuan-日志信息:-----------开始检查url地址-------------
2019-01-18 13:26:21,579-INFO-logger.py-yuxuan-日志信息:请求url:http://120.24.235.105:9010/finance-user_info-war-1.0/ws/financeUserInfoFacade.ws?wsdl
2019-01-18 13:26:21,579-INFO-logger.py-yuxuan-日志信息:-----------开始检查参数-------------
2019-01-18 13:26:21,579-INFO-logger.py-yuxuan-日志信息:请求参数:{'uid': 100005043, 'cre_id': '', 'true_name': '轩轩'}
2019-01-18 13:27:21,639-INFO-logger.py-yuxuan-日志信息:请求结果:(commResult){
   retCode = "19001"
   retInfo = "身份证号错误"
 }
2019-01-18 13:27:21,682-INFO-logger.py-yuxuan-日志信息:本条用例测试结果:pass
2019-01-18 13:27:21,683-INFO-logger.py-yuxuan-日志信息:关闭数据库连接，测试环境还原
2019-01-18 13:27:21,751-INFO-logger.py-yuxuan-日志信息:正在执行第7条用例:真实姓名为数字
2019-01-18 13:27:21,751-INFO-logger.py-yuxuan-日志信息:-----------开始检查url地址-------------
2019-01-18 13:27:21,753-INFO-logger.py-yuxuan-日志信息:请求url:http://120.24.235.105:9010/finance-user_info-war-1.0/ws/financeUserInfoFacade.ws?wsdl
2019-01-18 13:27:21,753-INFO-logger.py-yuxuan-日志信息:-----------开始检查参数-------------
2019-01-18 13:27:21,753-INFO-logger.py-yuxuan-日志信息:请求参数:{'uid': 100005043, 'cre_id': '500233200001245740', 'true_name': 24525}
2019-01-18 13:28:21,844-INFO-logger.py-yuxuan-日志信息:请求结果:(commResult){
   retCode = "19001"
   retInfo = "真实姓名必须为中文"
 }
2019-01-18 13:28:21,889-INFO-logger.py-yuxuan-日志信息:本条用例测试结果:pass
2019-01-18 13:28:21,889-INFO-logger.py-yuxuan-日志信息:关闭数据库连接，测试环境还原
2019-01-18 13:28:21,966-INFO-logger.py-yuxuan-日志信息:正在执行第8条用例:身份证号码为17位
2019-01-18 13:28:21,967-INFO-logger.py-yuxuan-日志信息:-----------开始检查url地址-------------
2019-01-18 13:28:21,968-INFO-logger.py-yuxuan-日志信息:请求url:http://120.24.235.105:9010/finance-user_info-war-1.0/ws/financeUserInfoFacade.ws?wsdl
2019-01-18 13:28:21,968-INFO-logger.py-yuxuan-日志信息:-----------开始检查参数-------------
2019-01-18 13:28:21,969-INFO-logger.py-yuxuan-日志信息:请求参数:{'uid': 100005043, 'cre_id': '22040319870210013', 'true_name': '轩轩'}
2019-01-18 13:29:22,028-INFO-logger.py-yuxuan-日志信息:请求结果:(commResult){
   retCode = "100010000"
   retInfo = "不是18位的身份证号码"
 }
2019-01-18 13:29:22,072-INFO-logger.py-yuxuan-日志信息:本条用例测试结果:pass
2019-01-18 13:29:22,072-INFO-logger.py-yuxuan-日志信息:关闭数据库连接，测试环境还原
2019-01-18 13:29:22,114-INFO-logger.py-yuxuan-日志信息:正在执行第9条用例:18位非正确格式身份证号码
2019-01-18 13:29:22,115-INFO-logger.py-yuxuan-日志信息:-----------开始检查url地址-------------
2019-01-18 13:29:22,117-INFO-logger.py-yuxuan-日志信息:请求url:http://120.24.235.105:9010/finance-user_info-war-1.0/ws/financeUserInfoFacade.ws?wsdl
2019-01-18 13:29:22,117-INFO-logger.py-yuxuan-日志信息:-----------开始检查参数-------------
2019-01-18 13:29:22,117-INFO-logger.py-yuxuan-日志信息:请求参数:{'uid': 100005043, 'cre_id': '500131195652355891', 'true_name': '轩轩'}
2019-01-18 13:30:22,179-INFO-logger.py-yuxuan-日志信息:请求结果:(commResult){
   retCode = "19001"
   retInfo = "身份证号检验错误"
 }
2019-01-18 13:30:22,221-INFO-logger.py-yuxuan-日志信息:本条用例测试结果:pass
2019-01-18 13:30:22,221-INFO-logger.py-yuxuan-日志信息:关闭数据库连接，测试环境还原
2019-01-18 13:30:22,281-INFO-logger.py-yuxuan-日志信息:正在执行第10条用例:身份证号码数字+字母
2019-01-18 13:30:22,282-INFO-logger.py-yuxuan-日志信息:-----------开始检查url地址-------------
2019-01-18 13:30:22,284-INFO-logger.py-yuxuan-日志信息:请求url:http://120.24.235.105:9010/finance-user_info-war-1.0/ws/financeUserInfoFacade.ws?wsdl
2019-01-18 13:30:22,284-INFO-logger.py-yuxuan-日志信息:-----------开始检查参数-------------
2019-01-18 13:30:22,284-INFO-logger.py-yuxuan-日志信息:请求参数:{'uid': 100005043, 'cre_id': '5001311956jd3558nh', 'true_name': '轩轩'}
2019-01-18 13:31:22,356-INFO-logger.py-yuxuan-日志信息:请求结果:(commResult){
   retCode = "19001"
   retInfo = "身份证号检验错误"
 }
2019-01-18 13:31:22,400-INFO-logger.py-yuxuan-日志信息:本条用例测试结果:pass
2019-01-18 13:31:22,400-INFO-logger.py-yuxuan-日志信息:关闭数据库连接，测试环境还原
